<?xml version="1.0" encoding="UTF-8"?>
<!-- Generated by org.testng.reporters.JUnitReportReporter -->
<testsuite hostname="DESKTOP-V2CRMJS" name="test.com.CostcoTest" tests="7" failures="0" timestamp="23 Mar 2019 04:46:55 GMT" time="362.773" errors="0">
  <testcase name="testCostcoTest5" time="59.535" classname="test.com.CostcoTest"/>
  <testcase name="testCostcoTest3" time="19.357" classname="test.com.CostcoTest"/>
  <testcase name="testCostcoTest2" time="25.107" classname="test.com.CostcoTest"/>
  <testcase name="testCostcoTest4" time="69.707" classname="test.com.CostcoTest"/>
  <testcase name="testCostco8" time="53.449" classname="test.com.CostcoTest"/>
  <testcase name="testCostcoTest6" time="21.818" classname="test.com.CostcoTest"/>
  <testcase name="testCostcoTest9" time="113.800" classname="test.com.CostcoTest"/>
</testsuite> <!-- test.com.CostcoTest -->
